<?xml version="1.0" encoding="UTF-8"?>
<!-- Generated by org.testng.reporters.JUnitXMLReporter -->
<testsuite ignored="0" hostname="Deeps" failures="5" tests="12" name="Surefire test" time="142.731" errors="0" timestamp="2026-04-20T14:08:56 IST">
  <testcase classname="com.srm.bankbot.tests.AccountManagementTests" name="verifyAccountTypeCanBeEdited" time="30.542">
    <failure type="org.openqa.selenium.TimeoutException" message="Expected condition failed: waiting for visibility of element located by By.name: a_type (tried for 20 second(s) with 500 milliseconds interval)
Build info: version: &amp;apos;4.21.0&amp;apos;, revision: &amp;apos;79ed462ef4&amp;apos;
System info: os.name: &amp;apos;Windows 11&amp;apos;, os.arch: &amp;apos;amd64&amp;apos;, os.version: &amp;apos;10.0&amp;apos;, java.version: &amp;apos;17.0.12&amp;apos;
Driver info: org.openqa.selenium.chrome.ChromeDriver
Capabilities {acceptInsecureCerts: false, browserName: chrome, browserVersion: 147.0.7727.57, chrome: {chromedriverVersion: 147.0.7727.57 (b4f28b5637d0..., userDataDir: C:\Users\Deepika\AppData\Lo...}, fedcm:accounts: true, goog:chromeOptions: {debuggerAddress: localhost:54212}, goog:processID: 30628, networkConnectionEnabled: false, pageLoadStrategy: normal, platformName: windows, proxy: Proxy(), se:cdp: ws://localhost:54212/devtoo..., se:cdpVersion: 147.0.7727.57, setWindowRect: true, strictFileInteractability: false, timeouts: {implicit: 0, pageLoad: 300000, script: 30000}, unhandledPromptBehavior: dismiss and notify, webauthn:extension:credBlob: true, webauthn:extension:largeBlob: true, webauthn:extension:minPinLength: true, webauthn:extension:prf: true, webauthn:virtualAuthenticators: true}
Session ID: 137bd24e6197c9beb4174996f5343af6">
      <![CDATA[org.openqa.selenium.TimeoutException: Expected condition failed: waiting for visibility of element located by By.name: a_type (tried for 20 second(s) with 500 milliseconds interval)
Build info: version: '4.21.0', revision: '79ed462ef4'
System info: os.name: 'Windows 11', os.arch: 'amd64', os.version: '10.0', java.version: '17.0.12'
Driver info: org.openqa.selenium.chrome.ChromeDriver
Capabilities {acceptInsecureCerts: false, browserName: chrome, browserVersion: 147.0.7727.57, chrome: {chromedriverVersion: 147.0.7727.57 (b4f28b5637d0..., userDataDir: C:\Users\Deepika\AppData\Lo...}, fedcm:accounts: true, goog:chromeOptions: {debuggerAddress: localhost:54212}, goog:processID: 30628, networkConnectionEnabled: false, pageLoadStrategy: normal, platformName: windows, proxy: Proxy(), se:cdp: ws://localhost:54212/devtoo..., se:cdpVersion: 147.0.7727.57, setWindowRect: true, strictFileInteractability: false, timeouts: {implicit: 0, pageLoad: 300000, script: 30000}, unhandledPromptBehavior: dismiss and notify, webauthn:extension:credBlob: true, webauthn:extension:largeBlob: true, webauthn:extension:minPinLength: true, webauthn:extension:prf: true, webauthn:virtualAuthenticators: true}
Session ID: 137bd24e6197c9beb4174996f5343af6
at org.openqa.selenium.support.ui.WebDriverWait.timeoutException(WebDriverWait.java:84)
at org.openqa.selenium.support.ui.FluentWait.until(FluentWait.java:228)
at com.srm.bankbot.base.BasePage.waitForVisibility(BasePage.java:41)
at com.srm.bankbot.base.BasePage.selectByVisibleText(BasePage.java:77)
at com.srm.bankbot.pages.EditAccountPage.updateAccountType(EditAccountPage.java:27)
at com.srm.bankbot.tests.AccountManagementTests.verifyAccountTypeCanBeEdited(AccountManagementTests.java:34)
at java.base/java.util.ArrayList.forEach(ArrayList.java:1511)
... Removed 32 stack frames]]>
    </failure>
  </testcase> <!-- verifyAccountTypeCanBeEdited -->
  <testcase classname="com.srm.bankbot.tests.AccountManagementTests" name="verifyInvalidCustomerIdShowsAccountCreationError" time="4.377"/>
  <testcase classname="com.srm.bankbot.tests.AccountManagementTests" name="verifyNewAccountCreationGeneratesAccountNumber" time="7.152"/>
  <testcase classname="com.srm.bankbot.tests.AuthenticationTests" name="verifyBlankLoginShowsValidationMessage" time="0.633"/>
  <testcase classname="com.srm.bankbot.tests.AuthenticationTests" name="verifyLogoutRedirectsToLoginPage" time="3.736"/>
  <testcase classname="com.srm.bankbot.tests.AuthenticationTests" name="verifyManagerLoginScenarios" time="1.404"/>
  <testcase classname="com.srm.bankbot.tests.AuthenticationTests" name="verifyManagerLoginScenarios" time="1.334"/>
  <testcase classname="com.srm.bankbot.tests.CustomerManagementTests" name="verifyCustomerAddressCanBeUpdated" time="27.579">
    <failure type="org.openqa.selenium.TimeoutException" message="Expected condition failed: waiting for visibility of element located by By.cssSelector: p.heading3 (tried for 20 second(s) with 500 milliseconds interval)
Build info: version: &amp;apos;4.21.0&amp;apos;, revision: &amp;apos;79ed462ef4&amp;apos;
System info: os.name: &amp;apos;Windows 11&amp;apos;, os.arch: &amp;apos;amd64&amp;apos;, os.version: &amp;apos;10.0&amp;apos;, java.version: &amp;apos;17.0.12&amp;apos;
Driver info: org.openqa.selenium.chrome.ChromeDriver
Capabilities {acceptInsecureCerts: false, browserName: chrome, browserVersion: 147.0.7727.57, chrome: {chromedriverVersion: 147.0.7727.57 (b4f28b5637d0..., userDataDir: C:\Users\Deepika\AppData\Lo...}, fedcm:accounts: true, goog:chromeOptions: {debuggerAddress: localhost:50668}, goog:processID: 8244, networkConnectionEnabled: false, pageLoadStrategy: normal, platformName: windows, proxy: Proxy(), se:cdp: ws://localhost:50668/devtoo..., se:cdpVersion: 147.0.7727.57, setWindowRect: true, strictFileInteractability: false, timeouts: {implicit: 0, pageLoad: 300000, script: 30000}, unhandledPromptBehavior: dismiss and notify, webauthn:extension:credBlob: true, webauthn:extension:largeBlob: true, webauthn:extension:minPinLength: true, webauthn:extension:prf: true, webauthn:virtualAuthenticators: true}
Session ID: 63a53c52e7ab1d64bada4830bf093e94">
      <![CDATA[org.openqa.selenium.TimeoutException: Expected condition failed: waiting for visibility of element located by By.cssSelector: p.heading3 (tried for 20 second(s) with 500 milliseconds interval)
Build info: version: '4.21.0', revision: '79ed462ef4'
System info: os.name: 'Windows 11', os.arch: 'amd64', os.version: '10.0', java.version: '17.0.12'
Driver info: org.openqa.selenium.chrome.ChromeDriver
Capabilities {acceptInsecureCerts: false, browserName: chrome, browserVersion: 147.0.7727.57, chrome: {chromedriverVersion: 147.0.7727.57 (b4f28b5637d0..., userDataDir: C:\Users\Deepika\AppData\Lo...}, fedcm:accounts: true, goog:chromeOptions: {debuggerAddress: localhost:50668}, goog:processID: 8244, networkConnectionEnabled: false, pageLoadStrategy: normal, platformName: windows, proxy: Proxy(), se:cdp: ws://localhost:50668/devtoo..., se:cdpVersion: 147.0.7727.57, setWindowRect: true, strictFileInteractability: false, timeouts: {implicit: 0, pageLoad: 300000, script: 30000}, unhandledPromptBehavior: dismiss and notify, webauthn:extension:credBlob: true, webauthn:extension:largeBlob: true, webauthn:extension:minPinLength: true, webauthn:extension:prf: true, webauthn:virtualAuthenticators: true}
Session ID: 63a53c52e7ab1d64bada4830bf093e94
at org.openqa.selenium.support.ui.WebDriverWait.timeoutException(WebDriverWait.java:84)
at org.openqa.selenium.support.ui.FluentWait.until(FluentWait.java:228)
at com.srm.bankbot.base.BasePage.waitForVisibility(BasePage.java:41)
at com.srm.bankbot.base.BasePage.getText(BasePage.java:81)
at com.srm.bankbot.pages.EditCustomerPage.updateAddress(EditCustomerPage.java:33)
at com.srm.bankbot.tests.CustomerManagementTests.verifyCustomerAddressCanBeUpdated(CustomerManagementTests.java:36)
at java.base/java.util.ArrayList.forEach(ArrayList.java:1511)
... Removed 32 stack frames]]>
    </failure>
  </testcase> <!-- verifyCustomerAddressCanBeUpdated -->
  <testcase classname="com.srm.bankbot.tests.CustomerManagementTests" name="verifyDuplicateCustomerEmailShowsError" time="2.8">
    <failure type="java.lang.IllegalStateException" message="Unable to read row with label: Customer ID">
      <![CDATA[java.lang.IllegalStateException: Unable to read row with label: Customer ID
at com.srm.bankbot.pages.NewCustomerPage.readTableValue(NewCustomerPage.java:123)
at com.srm.bankbot.pages.NewCustomerPage.createCustomer(NewCustomerPage.java:35)
at com.srm.bankbot.tests.CustomerManagementTests.verifyDuplicateCustomerEmailShowsError(CustomerManagementTests.java:47)
at java.base/java.util.ArrayList.forEach(ArrayList.java:1511)
... Removed 32 stack frames]]>
    </failure>
  </testcase> <!-- verifyDuplicateCustomerEmailShowsError -->
  <testcase classname="com.srm.bankbot.tests.CustomerManagementTests" name="verifyNewCustomerCreationGeneratesCustomerId" time="2.922">
    <failure type="java.lang.IllegalStateException" message="Unable to read row with label: Customer ID">
      <![CDATA[java.lang.IllegalStateException: Unable to read row with label: Customer ID
at com.srm.bankbot.pages.NewCustomerPage.readTableValue(NewCustomerPage.java:123)
at com.srm.bankbot.pages.NewCustomerPage.createCustomer(NewCustomerPage.java:35)
at com.srm.bankbot.tests.CustomerManagementTests.verifyNewCustomerCreationGeneratesCustomerId(CustomerManagementTests.java:21)
at java.base/java.util.ArrayList.forEach(ArrayList.java:1511)
... Removed 32 stack frames]]>
    </failure>
  </testcase> <!-- verifyNewCustomerCreationGeneratesCustomerId -->
  <testcase classname="com.srm.bankbot.tests.FundTransferTests" name="verifyFundTransferSuccessAndBalanceUpdate" time="11.611">
    <failure type="java.lang.IllegalStateException" message="Unable to read row with label: Balance">
      <![CDATA[java.lang.IllegalStateException: Unable to read row with label: Balance
at com.srm.bankbot.pages.BalanceEnquiryPage.readTableValue(BalanceEnquiryPage.java:34)
at com.srm.bankbot.pages.BalanceEnquiryPage.fetchBalance(BalanceEnquiryPage.java:23)
at com.srm.bankbot.tests.FundTransferTests.verifyFundTransferSuccessAndBalanceUpdate(FundTransferTests.java:26)
at java.base/java.util.ArrayList.forEach(ArrayList.java:1511)
... Removed 32 stack frames]]>
    </failure>
  </testcase> <!-- verifyFundTransferSuccessAndBalanceUpdate -->
  <testcase classname="com.srm.bankbot.tests.FundTransferTests" name="verifyInvalidPayeeAccountShowsError" time="10.391"/>
</testsuite> <!-- Surefire test -->
