<?xml version="1.0" encoding="UTF-8"?>
<testng-results retried="1" ignored="1" total="17" passed="12" failed="0" skipped="3">
  <reporter-output>
  </reporter-output>
  <suite started-at="2026-04-20T14:20:08 IST" name="BankBotHackathonSuite" finished-at="2026-04-20T14:22:09 IST" duration-ms="120275">
    <groups>
    </groups>
    <test started-at="2026-04-20T14:20:08 IST" name="AuthenticationAndCustomer" finished-at="2026-04-20T14:20:53 IST" duration-ms="44401">
      <class name="com.srm.bankbot.tests.CustomerManagementTests">
        <test-method is-config="true" signature="setUp()[pri:0, instance:com.srm.bankbot.tests.CustomerManagementTests@6c64cb25]" started-at="2026-04-20T14:20:29 IST" name="setUp" finished-at="2026-04-20T14:20:31 IST" duration-ms="2399" status="PASS">
          <reporter-output>
          </reporter-output>
        </test-method> <!-- setUp -->
        <test-method signature="verifyCustomerAddressCanBeUpdated()[pri:0, instance:com.srm.bankbot.tests.CustomerManagementTests@6c64cb25]" started-at="2026-04-20T14:20:31 IST" name="verifyCustomerAddressCanBeUpdated" finished-at="2026-04-20T14:20:38 IST" duration-ms="7151" status="SKIP">
          <exception class="org.testng.SkipException">
            <message>
              <![CDATA[Edit Customer update page is unavailable on the live AUT right now.]]>
            </message>
            <full-stacktrace>
              <![CDATA[org.testng.SkipException: Edit Customer update page is unavailable on the live AUT right now.
at com.srm.bankbot.base.BasePage.skipIfPageUnavailable(BasePage.java:131)
at com.srm.bankbot.pages.EditCustomerPage.updateAddress(EditCustomerPage.java:35)
at com.srm.bankbot.tests.CustomerManagementTests.verifyCustomerAddressCanBeUpdated(CustomerManagementTests.java:36)
at java.base/jdk.internal.reflect.NativeMethodAccessorImpl.invoke0(Native Method)
at java.base/jdk.internal.reflect.NativeMethodAccessorImpl.invoke(NativeMethodAccessorImpl.java:77)
at java.base/jdk.internal.reflect.DelegatingMethodAccessorImpl.invoke(DelegatingMethodAccessorImpl.java:43)
at java.base/java.lang.reflect.Method.invoke(Method.java:568)
at org.testng.internal.invokers.MethodInvocationHelper.invokeMethod(MethodInvocationHelper.java:141)
at org.testng.internal.invokers.TestInvoker.invokeMethod(TestInvoker.java:686)
at org.testng.internal.invokers.TestInvoker.invokeTestMethod(TestInvoker.java:230)
at org.testng.internal.invokers.MethodRunner.runInSequence(MethodRunner.java:63)
at org.testng.internal.invokers.TestInvoker$MethodInvocationAgent.invoke(TestInvoker.java:992)
at org.testng.internal.invokers.TestInvoker.invokeTestMethods(TestInvoker.java:203)
at org.testng.internal.invokers.TestMethodWorker.invokeTestMethods(TestMethodWorker.java:154)
at org.testng.internal.invokers.TestMethodWorker.run(TestMethodWorker.java:134)
at java.base/java.util.ArrayList.forEach(ArrayList.java:1511)
at org.testng.TestRunner.privateRun(TestRunner.java:739)
at org.testng.TestRunner.run(TestRunner.java:614)
at org.testng.SuiteRunner.runTest(SuiteRunner.java:421)
at org.testng.SuiteRunner.runSequentially(SuiteRunner.java:413)
at org.testng.SuiteRunner.privateRun(SuiteRunner.java:373)
at org.testng.SuiteRunner.run(SuiteRunner.java:312)
at org.testng.SuiteRunnerWorker.runSuite(SuiteRunnerWorker.java:52)
at org.testng.SuiteRunnerWorker.run(SuiteRunnerWorker.java:95)
at org.testng.TestNG.runSuitesSequentially(TestNG.java:1274)
at org.testng.TestNG.runSuitesLocally(TestNG.java:1208)
at org.testng.TestNG.runSuites(TestNG.java:1112)
at org.testng.TestNG.run(TestNG.java:1079)
at org.apache.maven.surefire.testng.TestNGExecutor.run(TestNGExecutor.java:308)
at org.apache.maven.surefire.testng.TestNGXmlTestSuite.execute(TestNGXmlTestSuite.java:71)
at org.apache.maven.surefire.testng.TestNGProvider.invoke(TestNGProvider.java:113)
at org.apache.maven.surefire.booter.ForkedBooter.runSuitesInProcess(ForkedBooter.java:385)
at org.apache.maven.surefire.booter.ForkedBooter.execute(ForkedBooter.java:162)
at org.apache.maven.surefire.booter.ForkedBooter.run(ForkedBooter.java:507)
at org.apache.maven.surefire.booter.ForkedBooter.main(ForkedBooter.java:495)
]]>
            </full-stacktrace>
          </exception> <!-- org.testng.SkipException -->
          <reporter-output>
          </reporter-output>
        </test-method> <!-- verifyCustomerAddressCanBeUpdated -->
        <test-method is-config="true" signature="tearDown()[pri:0, instance:com.srm.bankbot.tests.CustomerManagementTests@6c64cb25]" started-at="2026-04-20T14:20:38 IST" name="tearDown" finished-at="2026-04-20T14:20:38 IST" duration-ms="151" status="PASS">
          <reporter-output>
          </reporter-output>
        </test-method> <!-- tearDown -->
        <test-method is-config="true" signature="setUp()[pri:0, instance:com.srm.bankbot.tests.CustomerManagementTests@6c64cb25]" started-at="2026-04-20T14:20:38 IST" name="setUp" finished-at="2026-04-20T14:20:41 IST" duration-ms="2513" status="PASS">
          <reporter-output>
          </reporter-output>
        </test-method> <!-- setUp -->
        <test-method signature="verifyDuplicateCustomerEmailShowsError()[pri:0, instance:com.srm.bankbot.tests.CustomerManagementTests@6c64cb25]" started-at="2026-04-20T14:20:41 IST" name="verifyDuplicateCustomerEmailShowsError" finished-at="2026-04-20T14:20:46 IST" duration-ms="5449" status="PASS">
          <reporter-output>
          </reporter-output>
        </test-method> <!-- verifyDuplicateCustomerEmailShowsError -->
        <test-method is-config="true" signature="tearDown()[pri:0, instance:com.srm.bankbot.tests.CustomerManagementTests@6c64cb25]" started-at="2026-04-20T14:20:46 IST" name="tearDown" finished-at="2026-04-20T14:20:47 IST" duration-ms="142" status="PASS">
          <reporter-output>
          </reporter-output>
        </test-method> <!-- tearDown -->
        <test-method is-config="true" signature="setUp()[pri:0, instance:com.srm.bankbot.tests.CustomerManagementTests@6c64cb25]" started-at="2026-04-20T14:20:47 IST" name="setUp" finished-at="2026-04-20T14:20:49 IST" duration-ms="2544" status="PASS">
          <reporter-output>
          </reporter-output>
        </test-method> <!-- setUp -->
        <test-method signature="verifyNewCustomerCreationGeneratesCustomerId()[pri:0, instance:com.srm.bankbot.tests.CustomerManagementTests@6c64cb25]" started-at="2026-04-20T14:20:49 IST" name="verifyNewCustomerCreationGeneratesCustomerId" finished-at="2026-04-20T14:20:53 IST" duration-ms="3493" status="PASS">
          <reporter-output>
          </reporter-output>
        </test-method> <!-- verifyNewCustomerCreationGeneratesCustomerId -->
        <test-method is-config="true" signature="tearDown()[pri:0, instance:com.srm.bankbot.tests.CustomerManagementTests@6c64cb25]" started-at="2026-04-20T14:20:53 IST" name="tearDown" finished-at="2026-04-20T14:20:53 IST" duration-ms="154" status="PASS">
          <reporter-output>
          </reporter-output>
        </test-method> <!-- tearDown -->
      </class> <!-- com.srm.bankbot.tests.CustomerManagementTests -->
      <class name="com.srm.bankbot.tests.AuthenticationTests">
        <test-method is-config="true" signature="setUp()[pri:0, instance:com.srm.bankbot.tests.AuthenticationTests@8dbdac1]" started-at="2026-04-20T14:20:09 IST" name="setUp" finished-at="2026-04-20T14:20:14 IST" duration-ms="4987" status="PASS">
          <reporter-output>
          </reporter-output>
        </test-method> <!-- setUp -->
        <test-method signature="verifyBlankLoginShowsValidationMessage()[pri:0, instance:com.srm.bankbot.tests.AuthenticationTests@8dbdac1]" started-at="2026-04-20T14:20:14 IST" name="verifyBlankLoginShowsValidationMessage" finished-at="2026-04-20T14:20:14 IST" duration-ms="546" status="PASS">
          <reporter-output>
          </reporter-output>
        </test-method> <!-- verifyBlankLoginShowsValidationMessage -->
        <test-method is-config="true" signature="tearDown()[pri:0, instance:com.srm.bankbot.tests.AuthenticationTests@8dbdac1]" started-at="2026-04-20T14:20:14 IST" name="tearDown" finished-at="2026-04-20T14:20:14 IST" duration-ms="157" status="PASS">
          <reporter-output>
          </reporter-output>
        </test-method> <!-- tearDown -->
        <test-method is-config="true" signature="setUp()[pri:0, instance:com.srm.bankbot.tests.AuthenticationTests@8dbdac1]" started-at="2026-04-20T14:20:14 IST" name="setUp" finished-at="2026-04-20T14:20:17 IST" duration-ms="2436" status="PASS">
          <reporter-output>
          </reporter-output>
        </test-method> <!-- setUp -->
        <test-method signature="verifyLogoutRedirectsToLoginPage()[pri:0, instance:com.srm.bankbot.tests.AuthenticationTests@8dbdac1]" started-at="2026-04-20T14:20:17 IST" name="verifyLogoutRedirectsToLoginPage" finished-at="2026-04-20T14:20:21 IST" duration-ms="3689" status="PASS">
          <reporter-output>
          </reporter-output>
        </test-method> <!-- verifyLogoutRedirectsToLoginPage -->
        <test-method is-config="true" signature="tearDown()[pri:0, instance:com.srm.bankbot.tests.AuthenticationTests@8dbdac1]" started-at="2026-04-20T14:20:21 IST" name="tearDown" finished-at="2026-04-20T14:20:21 IST" duration-ms="162" status="PASS">
          <reporter-output>
          </reporter-output>
        </test-method> <!-- tearDown -->
        <test-method is-config="true" signature="setUp()[pri:0, instance:com.srm.bankbot.tests.AuthenticationTests@8dbdac1]" started-at="2026-04-20T14:20:21 IST" name="setUp" finished-at="2026-04-20T14:20:23 IST" duration-ms="2579" status="PASS">
          <reporter-output>
          </reporter-output>
        </test-method> <!-- setUp -->
        <test-method signature="verifyManagerLoginScenarios(java.lang.String,boolean,java.lang.String,java.lang.String)[pri:0, instance:com.srm.bankbot.tests.AuthenticationTests@8dbdac1]" started-at="2026-04-20T14:20:23 IST" name="verifyManagerLoginScenarios" data-provider="loginData" finished-at="2026-04-20T14:20:25 IST" duration-ms="1487" status="PASS">
          <params>
            <param index="0">
              <value>
                <![CDATA[validManagerLogin]]>
              </value>
            </param>
            <param index="1">
              <value>
                <![CDATA[true]]>
              </value>
            </param>
            <param index="2">
              <value>
                <![CDATA[]]>
              </value>
            </param>
            <param index="3">
              <value>
                <![CDATA[]]>
              </value>
            </param>
          </params>
          <reporter-output>
          </reporter-output>
        </test-method> <!-- verifyManagerLoginScenarios -->
        <test-method is-config="true" signature="tearDown()[pri:0, instance:com.srm.bankbot.tests.AuthenticationTests@8dbdac1]" started-at="2026-04-20T14:20:25 IST" name="tearDown" finished-at="2026-04-20T14:20:25 IST" duration-ms="149" status="PASS">
          <reporter-output>
          </reporter-output>
        </test-method> <!-- tearDown -->
        <test-method is-config="true" signature="setUp()[pri:0, instance:com.srm.bankbot.tests.AuthenticationTests@8dbdac1]" started-at="2026-04-20T14:20:25 IST" name="setUp" finished-at="2026-04-20T14:20:27 IST" duration-ms="2422" status="PASS">
          <reporter-output>
          </reporter-output>
        </test-method> <!-- setUp -->
        <test-method signature="verifyManagerLoginScenarios(java.lang.String,boolean,java.lang.String,java.lang.String)[pri:0, instance:com.srm.bankbot.tests.AuthenticationTests@8dbdac1]" started-at="2026-04-20T14:20:27 IST" name="verifyManagerLoginScenarios" data-provider="loginData" finished-at="2026-04-20T14:20:29 IST" duration-ms="1234" status="PASS">
          <params>
            <param index="0">
              <value>
                <![CDATA[invalidManagerLogin]]>
              </value>
            </param>
            <param index="1">
              <value>
                <![CDATA[false]]>
              </value>
            </param>
            <param index="2">
              <value>
                <![CDATA[invalidManager]]>
              </value>
            </param>
            <param index="3">
              <value>
                <![CDATA[invalidPassword]]>
              </value>
            </param>
          </params>
          <reporter-output>
          </reporter-output>
        </test-method> <!-- verifyManagerLoginScenarios -->
        <test-method is-config="true" signature="tearDown()[pri:0, instance:com.srm.bankbot.tests.AuthenticationTests@8dbdac1]" started-at="2026-04-20T14:20:29 IST" name="tearDown" finished-at="2026-04-20T14:20:29 IST" duration-ms="128" status="PASS">
          <reporter-output>
          </reporter-output>
        </test-method> <!-- tearDown -->
      </class> <!-- com.srm.bankbot.tests.AuthenticationTests -->
    </test> <!-- AuthenticationAndCustomer -->
    <test started-at="2026-04-20T14:20:53 IST" name="AccountAndTransfer" finished-at="2026-04-20T14:22:09 IST" duration-ms="75509">
      <class name="com.srm.bankbot.tests.AccountManagementTests">
        <test-method is-config="true" signature="setUp()[pri:0, instance:com.srm.bankbot.tests.AccountManagementTests@3e694b3f]" started-at="2026-04-20T14:20:53 IST" name="setUp" finished-at="2026-04-20T14:20:56 IST" duration-ms="2450" status="PASS">
          <reporter-output>
          </reporter-output>
        </test-method> <!-- setUp -->
        <test-method retried="true" signature="verifyAccountTypeCanBeEdited()[pri:0, instance:com.srm.bankbot.tests.AccountManagementTests@3e694b3f]" started-at="2026-04-20T14:20:56 IST" name="verifyAccountTypeCanBeEdited" finished-at="2026-04-20T14:20:58 IST" duration-ms="2674" status="SKIP">
          <exception class="java.lang.IllegalStateException">
            <message>
              <![CDATA[Unable to read row with label: Customer ID]]>
            </message>
            <full-stacktrace>
              <![CDATA[java.lang.IllegalStateException: Unable to read row with label: Customer ID
at com.srm.bankbot.pages.NewCustomerPage.readTableValue(NewCustomerPage.java:123)
at com.srm.bankbot.pages.NewCustomerPage.createCustomer(NewCustomerPage.java:35)
at com.srm.bankbot.tests.AccountManagementTests.verifyAccountTypeCanBeEdited(AccountManagementTests.java:30)
at java.base/jdk.internal.reflect.NativeMethodAccessorImpl.invoke0(Native Method)
at java.base/jdk.internal.reflect.NativeMethodAccessorImpl.invoke(NativeMethodAccessorImpl.java:77)
at java.base/jdk.internal.reflect.DelegatingMethodAccessorImpl.invoke(DelegatingMethodAccessorImpl.java:43)
at java.base/java.lang.reflect.Method.invoke(Method.java:568)
at org.testng.internal.invokers.MethodInvocationHelper.invokeMethod(MethodInvocationHelper.java:141)
at org.testng.internal.invokers.TestInvoker.invokeMethod(TestInvoker.java:686)
at org.testng.internal.invokers.TestInvoker.invokeTestMethod(TestInvoker.java:230)
at org.testng.internal.invokers.MethodRunner.runInSequence(MethodRunner.java:63)
at org.testng.internal.invokers.TestInvoker$MethodInvocationAgent.invoke(TestInvoker.java:992)
at org.testng.internal.invokers.TestInvoker.invokeTestMethods(TestInvoker.java:203)
at org.testng.internal.invokers.TestMethodWorker.invokeTestMethods(TestMethodWorker.java:154)
at org.testng.internal.invokers.TestMethodWorker.run(TestMethodWorker.java:134)
at java.base/java.util.ArrayList.forEach(ArrayList.java:1511)
at org.testng.TestRunner.privateRun(TestRunner.java:739)
at org.testng.TestRunner.run(TestRunner.java:614)
at org.testng.SuiteRunner.runTest(SuiteRunner.java:421)
at org.testng.SuiteRunner.runSequentially(SuiteRunner.java:413)
at org.testng.SuiteRunner.privateRun(SuiteRunner.java:373)
at org.testng.SuiteRunner.run(SuiteRunner.java:312)
at org.testng.SuiteRunnerWorker.runSuite(SuiteRunnerWorker.java:52)
at org.testng.SuiteRunnerWorker.run(SuiteRunnerWorker.java:95)
at org.testng.TestNG.runSuitesSequentially(TestNG.java:1274)
at org.testng.TestNG.runSuitesLocally(TestNG.java:1208)
at org.testng.TestNG.runSuites(TestNG.java:1112)
at org.testng.TestNG.run(TestNG.java:1079)
at org.apache.maven.surefire.testng.TestNGExecutor.run(TestNGExecutor.java:308)
at org.apache.maven.surefire.testng.TestNGXmlTestSuite.execute(TestNGXmlTestSuite.java:71)
at org.apache.maven.surefire.testng.TestNGProvider.invoke(TestNGProvider.java:113)
at org.apache.maven.surefire.booter.ForkedBooter.runSuitesInProcess(ForkedBooter.java:385)
at org.apache.maven.surefire.booter.ForkedBooter.execute(ForkedBooter.java:162)
at org.apache.maven.surefire.booter.ForkedBooter.run(ForkedBooter.java:507)
at org.apache.maven.surefire.booter.ForkedBooter.main(ForkedBooter.java:495)
]]>
            </full-stacktrace>
          </exception> <!-- java.lang.IllegalStateException -->
          <reporter-output>
          </reporter-output>
        </test-method> <!-- verifyAccountTypeCanBeEdited -->
        <test-method is-config="true" signature="tearDown()[pri:0, instance:com.srm.bankbot.tests.AccountManagementTests@3e694b3f]" started-at="2026-04-20T14:20:58 IST" name="tearDown" finished-at="2026-04-20T14:20:58 IST" duration-ms="132" status="PASS">
          <reporter-output>
          </reporter-output>
        </test-method> <!-- tearDown -->
        <test-method is-config="true" signature="setUp()[pri:0, instance:com.srm.bankbot.tests.AccountManagementTests@3e694b3f]" started-at="2026-04-20T14:20:58 IST" name="setUp" finished-at="2026-04-20T14:21:02 IST" duration-ms="3691" status="PASS">
          <reporter-output>
          </reporter-output>
        </test-method> <!-- setUp -->
        <test-method signature="verifyAccountTypeCanBeEdited()[pri:0, instance:com.srm.bankbot.tests.AccountManagementTests@3e694b3f]" started-at="2026-04-20T14:21:02 IST" name="verifyAccountTypeCanBeEdited" finished-at="2026-04-20T14:21:11 IST" duration-ms="9117" status="SKIP">
          <exception class="org.testng.SkipException">
            <message>
              <![CDATA[Edit Account page is unavailable on the live AUT right now.]]>
            </message>
            <full-stacktrace>
              <![CDATA[org.testng.SkipException: Edit Account page is unavailable on the live AUT right now.
at com.srm.bankbot.base.BasePage.skipIfPageUnavailable(BasePage.java:131)
at com.srm.bankbot.pages.EditAccountPage.loadAccount(EditAccountPage.java:23)
at com.srm.bankbot.tests.AccountManagementTests.verifyAccountTypeCanBeEdited(AccountManagementTests.java:33)
at java.base/jdk.internal.reflect.NativeMethodAccessorImpl.invoke0(Native Method)
at java.base/jdk.internal.reflect.NativeMethodAccessorImpl.invoke(NativeMethodAccessorImpl.java:77)
at java.base/jdk.internal.reflect.DelegatingMethodAccessorImpl.invoke(DelegatingMethodAccessorImpl.java:43)
at java.base/java.lang.reflect.Method.invoke(Method.java:568)
at org.testng.internal.invokers.MethodInvocationHelper.invokeMethod(MethodInvocationHelper.java:141)
at org.testng.internal.invokers.TestInvoker.invokeMethod(TestInvoker.java:686)
at org.testng.internal.invokers.TestInvoker.retryFailed(TestInvoker.java:269)
at org.testng.internal.invokers.MethodRunner.runInSequence(MethodRunner.java:76)
at org.testng.internal.invokers.TestInvoker$MethodInvocationAgent.invoke(TestInvoker.java:992)
at org.testng.internal.invokers.TestInvoker.invokeTestMethods(TestInvoker.java:203)
at org.testng.internal.invokers.TestMethodWorker.invokeTestMethods(TestMethodWorker.java:154)
at org.testng.internal.invokers.TestMethodWorker.run(TestMethodWorker.java:134)
at java.base/java.util.ArrayList.forEach(ArrayList.java:1511)
at org.testng.TestRunner.privateRun(TestRunner.java:739)
at org.testng.TestRunner.run(TestRunner.java:614)
at org.testng.SuiteRunner.runTest(SuiteRunner.java:421)
at org.testng.SuiteRunner.runSequentially(SuiteRunner.java:413)
at org.testng.SuiteRunner.privateRun(SuiteRunner.java:373)
at org.testng.SuiteRunner.run(SuiteRunner.java:312)
at org.testng.SuiteRunnerWorker.runSuite(SuiteRunnerWorker.java:52)
at org.testng.SuiteRunnerWorker.run(SuiteRunnerWorker.java:95)
at org.testng.TestNG.runSuitesSequentially(TestNG.java:1274)
at org.testng.TestNG.runSuitesLocally(TestNG.java:1208)
at org.testng.TestNG.runSuites(TestNG.java:1112)
at org.testng.TestNG.run(TestNG.java:1079)
at org.apache.maven.surefire.testng.TestNGExecutor.run(TestNGExecutor.java:308)
at org.apache.maven.surefire.testng.TestNGXmlTestSuite.execute(TestNGXmlTestSuite.java:71)
at org.apache.maven.surefire.testng.TestNGProvider.invoke(TestNGProvider.java:113)
at org.apache.maven.surefire.booter.ForkedBooter.runSuitesInProcess(ForkedBooter.java:385)
at org.apache.maven.surefire.booter.ForkedBooter.execute(ForkedBooter.java:162)
at org.apache.maven.surefire.booter.ForkedBooter.run(ForkedBooter.java:507)
at org.apache.maven.surefire.booter.ForkedBooter.main(ForkedBooter.java:495)
]]>
            </full-stacktrace>
          </exception> <!-- org.testng.SkipException -->
          <reporter-output>
          </reporter-output>
        </test-method> <!-- verifyAccountTypeCanBeEdited -->
        <test-method is-config="true" signature="tearDown()[pri:0, instance:com.srm.bankbot.tests.AccountManagementTests@3e694b3f]" started-at="2026-04-20T14:21:11 IST" name="tearDown" finished-at="2026-04-20T14:21:11 IST" duration-ms="191" status="PASS">
          <reporter-output>
          </reporter-output>
        </test-method> <!-- tearDown -->
        <test-method is-config="true" signature="setUp()[pri:0, instance:com.srm.bankbot.tests.AccountManagementTests@3e694b3f]" started-at="2026-04-20T14:21:11 IST" name="setUp" finished-at="2026-04-20T14:21:14 IST" duration-ms="2815" status="PASS">
          <reporter-output>
          </reporter-output>
        </test-method> <!-- setUp -->
        <test-method signature="verifyInvalidCustomerIdShowsAccountCreationError()[pri:0, instance:com.srm.bankbot.tests.AccountManagementTests@3e694b3f]" started-at="2026-04-20T14:21:14 IST" name="verifyInvalidCustomerIdShowsAccountCreationError" finished-at="2026-04-20T14:21:18 IST" duration-ms="4013" status="PASS">
          <reporter-output>
          </reporter-output>
        </test-method> <!-- verifyInvalidCustomerIdShowsAccountCreationError -->
        <test-method is-config="true" signature="tearDown()[pri:0, instance:com.srm.bankbot.tests.AccountManagementTests@3e694b3f]" started-at="2026-04-20T14:21:18 IST" name="tearDown" finished-at="2026-04-20T14:21:18 IST" duration-ms="144" status="PASS">
          <reporter-output>
          </reporter-output>
        </test-method> <!-- tearDown -->
        <test-method is-config="true" signature="setUp()[pri:0, instance:com.srm.bankbot.tests.AccountManagementTests@3e694b3f]" started-at="2026-04-20T14:21:18 IST" name="setUp" finished-at="2026-04-20T14:21:21 IST" duration-ms="2307" status="PASS">
          <reporter-output>
          </reporter-output>
        </test-method> <!-- setUp -->
        <test-method signature="verifyNewAccountCreationGeneratesAccountNumber()[pri:0, instance:com.srm.bankbot.tests.AccountManagementTests@3e694b3f]" started-at="2026-04-20T14:21:21 IST" name="verifyNewAccountCreationGeneratesAccountNumber" finished-at="2026-04-20T14:21:27 IST" duration-ms="6169" status="PASS">
          <reporter-output>
          </reporter-output>
        </test-method> <!-- verifyNewAccountCreationGeneratesAccountNumber -->
        <test-method is-config="true" signature="tearDown()[pri:0, instance:com.srm.bankbot.tests.AccountManagementTests@3e694b3f]" started-at="2026-04-20T14:21:27 IST" name="tearDown" finished-at="2026-04-20T14:21:27 IST" duration-ms="138" status="PASS">
          <reporter-output>
          </reporter-output>
        </test-method> <!-- tearDown -->
      </class> <!-- com.srm.bankbot.tests.AccountManagementTests -->
      <class name="com.srm.bankbot.tests.FormValidationTests">
        <test-method is-config="true" signature="setUp()[pri:0, instance:com.srm.bankbot.tests.FormValidationTests@78691363]" started-at="2026-04-20T14:21:53 IST" name="setUp" finished-at="2026-04-20T14:21:55 IST" duration-ms="2482" status="PASS">
          <reporter-output>
          </reporter-output>
        </test-method> <!-- setUp -->
        <test-method signature="verifyDateOfBirthRejectsFutureDates()[pri:0, instance:com.srm.bankbot.tests.FormValidationTests@78691363]" started-at="2026-04-20T14:21:55 IST" name="verifyDateOfBirthRejectsFutureDates" finished-at="2026-04-20T14:21:57 IST" duration-ms="2043" status="PASS">
          <reporter-output>
          </reporter-output>
        </test-method> <!-- verifyDateOfBirthRejectsFutureDates -->
        <test-method is-config="true" signature="tearDown()[pri:0, instance:com.srm.bankbot.tests.FormValidationTests@78691363]" started-at="2026-04-20T14:21:57 IST" name="tearDown" finished-at="2026-04-20T14:21:58 IST" duration-ms="144" status="PASS">
          <reporter-output>
          </reporter-output>
        </test-method> <!-- tearDown -->
        <test-method is-config="true" signature="setUp()[pri:0, instance:com.srm.bankbot.tests.FormValidationTests@78691363]" started-at="2026-04-20T14:21:58 IST" name="setUp" finished-at="2026-04-20T14:22:00 IST" duration-ms="2453" status="PASS">
          <reporter-output>
          </reporter-output>
        </test-method> <!-- setUp -->
        <test-method signature="verifyNewCustomerFormRejectsEmptyFields()[pri:0, instance:com.srm.bankbot.tests.FormValidationTests@78691363]" started-at="2026-04-20T14:22:00 IST" name="verifyNewCustomerFormRejectsEmptyFields" finished-at="2026-04-20T14:22:03 IST" duration-ms="3076" status="PASS">
          <reporter-output>
          </reporter-output>
        </test-method> <!-- verifyNewCustomerFormRejectsEmptyFields -->
        <test-method is-config="true" signature="tearDown()[pri:0, instance:com.srm.bankbot.tests.FormValidationTests@78691363]" started-at="2026-04-20T14:22:03 IST" name="tearDown" finished-at="2026-04-20T14:22:03 IST" duration-ms="191" status="PASS">
          <reporter-output>
          </reporter-output>
        </test-method> <!-- tearDown -->
        <test-method is-config="true" signature="setUp()[pri:0, instance:com.srm.bankbot.tests.FormValidationTests@78691363]" started-at="2026-04-20T14:22:03 IST" name="setUp" finished-at="2026-04-20T14:22:06 IST" duration-ms="2563" status="PASS">
          <reporter-output>
          </reporter-output>
        </test-method> <!-- setUp -->
        <test-method signature="verifyNumericFieldRejectsNonNumericValues()[pri:0, instance:com.srm.bankbot.tests.FormValidationTests@78691363]" started-at="2026-04-20T14:22:06 IST" name="verifyNumericFieldRejectsNonNumericValues" finished-at="2026-04-20T14:22:08 IST" duration-ms="2593" status="PASS">
          <reporter-output>
          </reporter-output>
        </test-method> <!-- verifyNumericFieldRejectsNonNumericValues -->
        <test-method is-config="true" signature="tearDown()[pri:0, instance:com.srm.bankbot.tests.FormValidationTests@78691363]" started-at="2026-04-20T14:22:08 IST" name="tearDown" finished-at="2026-04-20T14:22:09 IST" duration-ms="162" status="PASS">
          <reporter-output>
          </reporter-output>
        </test-method> <!-- tearDown -->
      </class> <!-- com.srm.bankbot.tests.FormValidationTests -->
      <class name="com.srm.bankbot.tests.FundTransferTests">
        <test-method is-config="true" signature="setUp()[pri:0, instance:com.srm.bankbot.tests.FundTransferTests@1bb5a082]" started-at="2026-04-20T14:21:27 IST" name="setUp" finished-at="2026-04-20T14:21:30 IST" duration-ms="2601" status="PASS">
          <reporter-output>
          </reporter-output>
        </test-method> <!-- setUp -->
        <test-method signature="verifyFundTransferSuccessAndBalanceUpdate()[pri:0, instance:com.srm.bankbot.tests.FundTransferTests@1bb5a082]" started-at="2026-04-20T14:21:30 IST" name="verifyFundTransferSuccessAndBalanceUpdate" finished-at="2026-04-20T14:21:40 IST" duration-ms="10488" status="SKIP">
          <exception class="org.testng.SkipException">
            <message>
              <![CDATA[Balance Enquiry page is unavailable on the live AUT right now.]]>
            </message>
            <full-stacktrace>
              <![CDATA[org.testng.SkipException: Balance Enquiry page is unavailable on the live AUT right now.
at com.srm.bankbot.base.BasePage.skipIfPageUnavailable(BasePage.java:131)
at com.srm.bankbot.pages.BalanceEnquiryPage.fetchBalance(BalanceEnquiryPage.java:23)
at com.srm.bankbot.tests.FundTransferTests.verifyFundTransferSuccessAndBalanceUpdate(FundTransferTests.java:26)
at java.base/jdk.internal.reflect.NativeMethodAccessorImpl.invoke0(Native Method)
at java.base/jdk.internal.reflect.NativeMethodAccessorImpl.invoke(NativeMethodAccessorImpl.java:77)
at java.base/jdk.internal.reflect.DelegatingMethodAccessorImpl.invoke(DelegatingMethodAccessorImpl.java:43)
at java.base/java.lang.reflect.Method.invoke(Method.java:568)
at org.testng.internal.invokers.MethodInvocationHelper.invokeMethod(MethodInvocationHelper.java:141)
at org.testng.internal.invokers.TestInvoker.invokeMethod(TestInvoker.java:686)
at org.testng.internal.invokers.TestInvoker.invokeTestMethod(TestInvoker.java:230)
at org.testng.internal.invokers.MethodRunner.runInSequence(MethodRunner.java:63)
at org.testng.internal.invokers.TestInvoker$MethodInvocationAgent.invoke(TestInvoker.java:992)
at org.testng.internal.invokers.TestInvoker.invokeTestMethods(TestInvoker.java:203)
at org.testng.internal.invokers.TestMethodWorker.invokeTestMethods(TestMethodWorker.java:154)
at org.testng.internal.invokers.TestMethodWorker.run(TestMethodWorker.java:134)
at java.base/java.util.ArrayList.forEach(ArrayList.java:1511)
at org.testng.TestRunner.privateRun(TestRunner.java:739)
at org.testng.TestRunner.run(TestRunner.java:614)
at org.testng.SuiteRunner.runTest(SuiteRunner.java:421)
at org.testng.SuiteRunner.runSequentially(SuiteRunner.java:413)
at org.testng.SuiteRunner.privateRun(SuiteRunner.java:373)
at org.testng.SuiteRunner.run(SuiteRunner.java:312)
at org.testng.SuiteRunnerWorker.runSuite(SuiteRunnerWorker.java:52)
at org.testng.SuiteRunnerWorker.run(SuiteRunnerWorker.java:95)
at org.testng.TestNG.runSuitesSequentially(TestNG.java:1274)
at org.testng.TestNG.runSuitesLocally(TestNG.java:1208)
at org.testng.TestNG.runSuites(TestNG.java:1112)
at org.testng.TestNG.run(TestNG.java:1079)
at org.apache.maven.surefire.testng.TestNGExecutor.run(TestNGExecutor.java:308)
at org.apache.maven.surefire.testng.TestNGXmlTestSuite.execute(TestNGXmlTestSuite.java:71)
at org.apache.maven.surefire.testng.TestNGProvider.invoke(TestNGProvider.java:113)
at org.apache.maven.surefire.booter.ForkedBooter.runSuitesInProcess(ForkedBooter.java:385)
at org.apache.maven.surefire.booter.ForkedBooter.execute(ForkedBooter.java:162)
at org.apache.maven.surefire.booter.ForkedBooter.run(ForkedBooter.java:507)
at org.apache.maven.surefire.booter.ForkedBooter.main(ForkedBooter.java:495)
]]>
            </full-stacktrace>
          </exception> <!-- org.testng.SkipException -->
          <reporter-output>
          </reporter-output>
        </test-method> <!-- verifyFundTransferSuccessAndBalanceUpdate -->
        <test-method is-config="true" signature="tearDown()[pri:0, instance:com.srm.bankbot.tests.FundTransferTests@1bb5a082]" started-at="2026-04-20T14:21:40 IST" name="tearDown" finished-at="2026-04-20T14:21:40 IST" duration-ms="192" status="PASS">
          <reporter-output>
          </reporter-output>
        </test-method> <!-- tearDown -->
        <test-method is-config="true" signature="setUp()[pri:0, instance:com.srm.bankbot.tests.FundTransferTests@1bb5a082]" started-at="2026-04-20T14:21:40 IST" name="setUp" finished-at="2026-04-20T14:21:43 IST" duration-ms="2505" status="PASS">
          <reporter-output>
          </reporter-output>
        </test-method> <!-- setUp -->
        <test-method signature="verifyInvalidPayeeAccountShowsError()[pri:0, instance:com.srm.bankbot.tests.FundTransferTests@1bb5a082]" started-at="2026-04-20T14:21:43 IST" name="verifyInvalidPayeeAccountShowsError" finished-at="2026-04-20T14:21:53 IST" duration-ms="9953" status="PASS">
          <reporter-output>
          </reporter-output>
        </test-method> <!-- verifyInvalidPayeeAccountShowsError -->
        <test-method is-config="true" signature="tearDown()[pri:0, instance:com.srm.bankbot.tests.FundTransferTests@1bb5a082]" started-at="2026-04-20T14:21:53 IST" name="tearDown" finished-at="2026-04-20T14:21:53 IST" duration-ms="210" status="PASS">
          <reporter-output>
          </reporter-output>
        </test-method> <!-- tearDown -->
      </class> <!-- com.srm.bankbot.tests.FundTransferTests -->
    </test> <!-- AccountAndTransfer -->
  </suite> <!-- BankBotHackathonSuite -->
</testng-results>
