<?xml version="1.0" encoding="UTF-8"?>
<!-- Generated by org.testng.reporters.JUnitXMLReporter -->
<testsuite ignored="0" hostname="Deeps" failures="0" tests="9" name="AccountAndTransfer" time="96.149" errors="0" timestamp="2026-04-20T14:30:27 IST">
  <testcase classname="com.srm.bankbot.tests.AccountManagementTests" name="verifyAccountTypeCanBeEdited" time="26.581">
    <skipped/>
  </testcase> <!-- verifyAccountTypeCanBeEdited -->
  <testcase classname="com.srm.bankbot.tests.AccountManagementTests" name="verifyAccountTypeCanBeEdited" time="7.798">
    <skipped/>
  </testcase> <!-- verifyAccountTypeCanBeEdited -->
  <testcase classname="com.srm.bankbot.tests.AccountManagementTests" name="verifyInvalidCustomerIdShowsAccountCreationError" time="2.983"/>
  <testcase classname="com.srm.bankbot.tests.AccountManagementTests" name="verifyNewAccountCreationGeneratesAccountNumber" time="6.382"/>
  <testcase classname="com.srm.bankbot.tests.FundTransferTests" name="verifyFundTransferSuccessAndBalanceUpdate" time="9.677">
    <skipped/>
  </testcase> <!-- verifyFundTransferSuccessAndBalanceUpdate -->
  <testcase classname="com.srm.bankbot.tests.FundTransferTests" name="verifyInvalidPayeeAccountShowsError" time="11.591"/>
  <testcase classname="com.srm.bankbot.tests.FormValidationTests" name="verifyDateOfBirthRejectsFutureDates" time="2.147"/>
  <testcase classname="com.srm.bankbot.tests.FormValidationTests" name="verifyNewCustomerFormRejectsEmptyFields" time="2.145"/>
  <testcase classname="com.srm.bankbot.tests.FormValidationTests" name="verifyNumericFieldRejectsNonNumericValues" time="2.262"/>
</testsuite> <!-- AccountAndTransfer -->
