<?xml version="1.0" encoding="UTF-8"?>
<!-- Generated by org.testng.reporters.JUnitXMLReporter -->
<testsuite ignored="0" hostname="Deeps" failures="0" tests="8" name="AuthenticationAndCustomer" time="48.264" errors="0" timestamp="2026-04-20T14:28:50 IST">
  <testcase classname="com.srm.bankbot.tests.AuthenticationTests" name="verifyBlankLoginShowsValidationMessage" time="0.49"/>
  <testcase classname="com.srm.bankbot.tests.AuthenticationTests" name="verifyLogoutRedirectsToLoginPage" time="3.979"/>
  <testcase classname="com.srm.bankbot.tests.AuthenticationTests" name="verifyManagerLoginScenarios" time="1.4"/>
  <testcase classname="com.srm.bankbot.tests.AuthenticationTests" name="verifyManagerLoginScenarios" time="1.261"/>
  <testcase classname="com.srm.bankbot.tests.CustomerManagementTests" name="verifyCustomerAddressCanBeUpdated" time="6.724">
    <skipped/>
  </testcase> <!-- verifyCustomerAddressCanBeUpdated -->
  <testcase classname="com.srm.bankbot.tests.CustomerManagementTests" name="verifyDuplicateCustomerEmailShowsError" time="2.805">
    <skipped/>
  </testcase> <!-- verifyDuplicateCustomerEmailShowsError -->
  <testcase classname="com.srm.bankbot.tests.CustomerManagementTests" name="verifyDuplicateCustomerEmailShowsError" time="4.887"/>
  <testcase classname="com.srm.bankbot.tests.CustomerManagementTests" name="verifyNewCustomerCreationGeneratesCustomerId" time="3.128"/>
</testsuite> <!-- AuthenticationAndCustomer -->
