<?xml version="1.0" encoding="UTF-8"?>
<!-- Generated by org.testng.reporters.JUnitReportReporter -->
<testsuite hostname="Deeps" failures="0" tests="2" name="com.srm.bankbot.tests.FundTransferTests" time="26.918" errors="0" timestamp="2026-04-20T14:30:27 IST" skipped="1">
  <testcase classname="com.srm.bankbot.tests.FundTransferTests" name="verifyInvalidPayeeAccountShowsError" time="14.125"/>
  <testcase classname="com.srm.bankbot.tests.FundTransferTests" name="verifyFundTransferSuccessAndBalanceUpdate" time="12.793">
    <skipped/>
  </testcase> <!-- verifyFundTransferSuccessAndBalanceUpdate -->
</testsuite> <!-- com.srm.bankbot.tests.FundTransferTests -->
