<?xml version="1.0" encoding="UTF-8"?>
<!-- Generated by org.testng.reporters.JUnitReportReporter -->
<testsuite hostname="Deeps" failures="0" tests="4" name="com.srm.bankbot.tests.AuthenticationTests" time="19.447" errors="0" timestamp="2026-04-20T14:30:27 IST" skipped="0">
  <testcase classname="com.srm.bankbot.tests.AuthenticationTests" name="verifyLogoutRedirectsToLoginPage" time="6.732"/>
  <testcase classname="com.srm.bankbot.tests.AuthenticationTests" name="verifyBlankLoginShowsValidationMessage" time="3.040"/>
  <testcase classname="com.srm.bankbot.tests.AuthenticationTests" name="verifyManagerLoginScenarios" time="3.932"/>
  <testcase classname="com.srm.bankbot.tests.AuthenticationTests" name="verifyManagerLoginScenarios" time="5.743"/>
</testsuite> <!-- com.srm.bankbot.tests.AuthenticationTests -->
