<?xml version="1.0" encoding="UTF-8"?>
<!-- Generated by org.testng.reporters.JUnitReportReporter -->
<testsuite hostname="Deeps" failures="0" tests="4" name="com.srm.bankbot.tests.CustomerManagementTests" time="28.388" errors="0" timestamp="2026-04-20T14:30:27 IST" skipped="2">
  <testcase classname="com.srm.bankbot.tests.CustomerManagementTests" name="verifyDuplicateCustomerEmailShowsError" time="7.671"/>
  <testcase classname="com.srm.bankbot.tests.CustomerManagementTests" name="verifyNewCustomerCreationGeneratesCustomerId" time="5.846"/>
  <testcase classname="com.srm.bankbot.tests.CustomerManagementTests" name="verifyDuplicateCustomerEmailShowsError" time="5.376">
    <skipped/>
  </testcase> <!-- verifyDuplicateCustomerEmailShowsError -->
  <testcase classname="com.srm.bankbot.tests.CustomerManagementTests" name="verifyCustomerAddressCanBeUpdated" time="9.495">
    <skipped/>
  </testcase> <!-- verifyCustomerAddressCanBeUpdated -->
</testsuite> <!-- com.srm.bankbot.tests.CustomerManagementTests -->
