<?xml version="1.0" encoding="UTF-8"?>
<!-- Generated by org.testng.reporters.JUnitReportReporter -->
<testsuite hostname="Deeps" failures="0" tests="3" name="com.srm.bankbot.tests.FormValidationTests" time="14.278" errors="0" timestamp="2026-04-20T14:30:27 IST" skipped="0">
  <testcase classname="com.srm.bankbot.tests.FormValidationTests" name="verifyNewCustomerFormRejectsEmptyFields" time="4.604"/>
  <testcase classname="com.srm.bankbot.tests.FormValidationTests" name="verifyDateOfBirthRejectsFutureDates" time="4.725"/>
  <testcase classname="com.srm.bankbot.tests.FormValidationTests" name="verifyNumericFieldRejectsNonNumericValues" time="4.949"/>
</testsuite> <!-- com.srm.bankbot.tests.FormValidationTests -->
