<?xml version="1.0" encoding="UTF-8"?>
<!-- Generated by org.testng.reporters.JUnitReportReporter -->
<testsuite hostname="Deeps" failures="0" tests="4" name="com.srm.bankbot.tests.AccountManagementTests" time="54.931" errors="0" timestamp="2026-04-20T14:30:27 IST" skipped="2">
  <testcase classname="com.srm.bankbot.tests.AccountManagementTests" name="verifyAccountTypeCanBeEdited" time="10.980">
    <skipped/>
  </testcase> <!-- verifyAccountTypeCanBeEdited -->
  <testcase classname="com.srm.bankbot.tests.AccountManagementTests" name="verifyInvalidCustomerIdShowsAccountCreationError" time="5.696"/>
  <testcase classname="com.srm.bankbot.tests.AccountManagementTests" name="verifyNewAccountCreationGeneratesAccountNumber" time="9.043"/>
  <testcase classname="com.srm.bankbot.tests.AccountManagementTests" name="verifyAccountTypeCanBeEdited" time="29.212">
    <skipped/>
  </testcase> <!-- verifyAccountTypeCanBeEdited -->
</testsuite> <!-- com.srm.bankbot.tests.AccountManagementTests -->
