<?xml version="1.0" encoding="UTF-8"?>
<!-- Generated by org.testng.reporters.JUnitReportReporter -->
<testsuite hostname="Deeps" failures="0" tests="4" name="com.srm.bankbot.tests.AccountManagementTests" time="33.841" errors="0" timestamp="2026-04-20T14:22:09 IST" skipped="2">
  <testcase classname="com.srm.bankbot.tests.AccountManagementTests" name="verifyAccountTypeCanBeEdited" time="5.262">
    <skipped/>
  </testcase> <!-- verifyAccountTypeCanBeEdited -->
  <testcase classname="com.srm.bankbot.tests.AccountManagementTests" name="verifyAccountTypeCanBeEdited" time="12.064">
    <skipped/>
  </testcase> <!-- verifyAccountTypeCanBeEdited -->
  <testcase classname="com.srm.bankbot.tests.AccountManagementTests" name="verifyInvalidCustomerIdShowsAccountCreationError" time="6.464"/>
  <testcase classname="com.srm.bankbot.tests.AccountManagementTests" name="verifyNewAccountCreationGeneratesAccountNumber" time="10.051"/>
</testsuite> <!-- com.srm.bankbot.tests.AccountManagementTests -->
