<?xml version="1.0" encoding="UTF-8"?>
<!-- Generated by org.testng.reporters.JUnitReportReporter -->
<testsuite hostname="Deeps" failures="0" tests="3" name="com.srm.bankbot.tests.FormValidationTests" time="15.707" errors="0" timestamp="2026-04-20T14:22:09 IST" skipped="0">
  <testcase classname="com.srm.bankbot.tests.FormValidationTests" name="verifyDateOfBirthRejectsFutureDates" time="4.669"/>
  <testcase classname="com.srm.bankbot.tests.FormValidationTests" name="verifyNewCustomerFormRejectsEmptyFields" time="5.720"/>
  <testcase classname="com.srm.bankbot.tests.FormValidationTests" name="verifyNumericFieldRejectsNonNumericValues" time="5.318"/>
</testsuite> <!-- com.srm.bankbot.tests.FormValidationTests -->
