<?xml version="1.0" encoding="UTF-8"?>
<!-- Generated by org.testng.reporters.JUnitReportReporter -->
<testsuite hostname="Deeps" failures="0" tests="4" name="com.srm.bankbot.tests.AuthenticationTests" time="19.976" errors="0" timestamp="2026-04-20T14:22:09 IST" skipped="0">
  <testcase classname="com.srm.bankbot.tests.AuthenticationTests" name="verifyManagerLoginScenarios" time="3.819"/>
  <testcase classname="com.srm.bankbot.tests.AuthenticationTests" name="verifyLogoutRedirectsToLoginPage" time="6.268"/>
  <testcase classname="com.srm.bankbot.tests.AuthenticationTests" name="verifyBlankLoginShowsValidationMessage" time="3.287"/>
  <testcase classname="com.srm.bankbot.tests.AuthenticationTests" name="verifyManagerLoginScenarios" time="6.602"/>
</testsuite> <!-- com.srm.bankbot.tests.AuthenticationTests -->
