<?xml version="1.0" encoding="UTF-8"?>
<!-- Generated by org.testng.reporters.JUnitReportReporter -->
<testsuite hostname="Deeps" failures="0" tests="3" name="com.srm.bankbot.tests.CustomerManagementTests" time="23.996" errors="0" timestamp="2026-04-20T14:22:09 IST" skipped="1">
  <testcase classname="com.srm.bankbot.tests.CustomerManagementTests" name="verifyCustomerAddressCanBeUpdated" time="9.846">
    <skipped/>
  </testcase> <!-- verifyCustomerAddressCanBeUpdated -->
  <testcase classname="com.srm.bankbot.tests.CustomerManagementTests" name="verifyDuplicateCustomerEmailShowsError" time="8.104"/>
  <testcase classname="com.srm.bankbot.tests.CustomerManagementTests" name="verifyNewCustomerCreationGeneratesCustomerId" time="6.046"/>
</testsuite> <!-- com.srm.bankbot.tests.CustomerManagementTests -->
