<?xml version="1.0" encoding="UTF-8"?>
<!-- Generated by org.testng.reporters.JUnitXMLReporter -->
<testsuite ignored="0" hostname="Deeps" failures="0" tests="9" name="AccountAndTransfer" time="75.509" errors="0" timestamp="2026-04-20T14:22:09 IST">
  <testcase classname="com.srm.bankbot.tests.AccountManagementTests" name="verifyAccountTypeCanBeEdited" time="2.674">
    <skipped/>
  </testcase> <!-- verifyAccountTypeCanBeEdited -->
  <testcase classname="com.srm.bankbot.tests.AccountManagementTests" name="verifyAccountTypeCanBeEdited" time="9.117">
    <skipped/>
  </testcase> <!-- verifyAccountTypeCanBeEdited -->
  <testcase classname="com.srm.bankbot.tests.AccountManagementTests" name="verifyInvalidCustomerIdShowsAccountCreationError" time="4.013"/>
  <testcase classname="com.srm.bankbot.tests.AccountManagementTests" name="verifyNewAccountCreationGeneratesAccountNumber" time="6.169"/>
  <testcase classname="com.srm.bankbot.tests.FundTransferTests" name="verifyFundTransferSuccessAndBalanceUpdate" time="10.488">
    <skipped/>
  </testcase> <!-- verifyFundTransferSuccessAndBalanceUpdate -->
  <testcase classname="com.srm.bankbot.tests.FundTransferTests" name="verifyInvalidPayeeAccountShowsError" time="9.953"/>
  <testcase classname="com.srm.bankbot.tests.FormValidationTests" name="verifyDateOfBirthRejectsFutureDates" time="2.043"/>
  <testcase classname="com.srm.bankbot.tests.FormValidationTests" name="verifyNewCustomerFormRejectsEmptyFields" time="3.076"/>
  <testcase classname="com.srm.bankbot.tests.FormValidationTests" name="verifyNumericFieldRejectsNonNumericValues" time="2.593"/>
</testsuite> <!-- AccountAndTransfer -->
