<?xml version="1.0" encoding="UTF-8"?>
<!-- Generated by org.testng.reporters.JUnitXMLReporter -->
<testsuite ignored="0" hostname="Deeps" failures="0" tests="7" name="AuthenticationAndCustomer" time="44.401" errors="0" timestamp="2026-04-20T14:20:53 IST">
  <testcase classname="com.srm.bankbot.tests.AuthenticationTests" name="verifyBlankLoginShowsValidationMessage" time="0.546"/>
  <testcase classname="com.srm.bankbot.tests.AuthenticationTests" name="verifyLogoutRedirectsToLoginPage" time="3.689"/>
  <testcase classname="com.srm.bankbot.tests.AuthenticationTests" name="verifyManagerLoginScenarios" time="1.487"/>
  <testcase classname="com.srm.bankbot.tests.AuthenticationTests" name="verifyManagerLoginScenarios" time="1.234"/>
  <testcase classname="com.srm.bankbot.tests.CustomerManagementTests" name="verifyCustomerAddressCanBeUpdated" time="7.151">
    <skipped/>
  </testcase> <!-- verifyCustomerAddressCanBeUpdated -->
  <testcase classname="com.srm.bankbot.tests.CustomerManagementTests" name="verifyDuplicateCustomerEmailShowsError" time="5.449"/>
  <testcase classname="com.srm.bankbot.tests.CustomerManagementTests" name="verifyNewCustomerCreationGeneratesCustomerId" time="3.493"/>
</testsuite> <!-- AuthenticationAndCustomer -->
